  GameSystem.cpp
c:\users\a09\desktop\lee-do-hun\참고코드\과제\rpg상속완료\project3\mapdraw.h(20): warning C4838: 'int'에서 'SHORT'(으)로의 변환에는 축소 변환이 필요합니다.
c:\users\a09\desktop\lee-do-hun\참고코드\과제\rpg상속완료\project3\gamesystem.cpp(33): warning C4244: '인수': 'double'에서 'int'(으)로 변환하면서 데이터가 손실될 수 있습니다.
c:\users\a09\desktop\lee-do-hun\참고코드\과제\rpg상속완료\project3\gamesystem.cpp(34): warning C4244: '인수': 'double'에서 'int'(으)로 변환하면서 데이터가 손실될 수 있습니다.
c:\users\a09\desktop\lee-do-hun\참고코드\과제\rpg상속완료\project3\gamesystem.cpp(35): warning C4244: '인수': 'double'에서 'int'(으)로 변환하면서 데이터가 손실될 수 있습니다.
c:\users\a09\desktop\lee-do-hun\참고코드\과제\rpg상속완료\project3\gamesystem.cpp(36): warning C4244: '인수': 'double'에서 'int'(으)로 변환하면서 데이터가 손실될 수 있습니다.
c:\users\a09\desktop\lee-do-hun\참고코드\과제\rpg상속완료\project3\gamesystem.cpp(39): warning C4244: '인수': 'double'에서 'int'(으)로 변환하면서 데이터가 손실될 수 있습니다.
c:\users\a09\desktop\lee-do-hun\참고코드\과제\rpg상속완료\project3\gamesystem.cpp(67): warning C4244: '인수': 'double'에서 'int'(으)로 변환하면서 데이터가 손실될 수 있습니다.
c:\users\a09\desktop\lee-do-hun\참고코드\과제\rpg상속완료\project3\gamesystem.cpp(68): warning C4244: '인수': 'double'에서 'int'(으)로 변환하면서 데이터가 손실될 수 있습니다.
c:\users\a09\desktop\lee-do-hun\참고코드\과제\rpg상속완료\project3\gamesystem.cpp(69): warning C4244: '인수': 'double'에서 'int'(으)로 변환하면서 데이터가 손실될 수 있습니다.
c:\users\a09\desktop\lee-do-hun\참고코드\과제\rpg상속완료\project3\gamesystem.cpp(70): warning C4244: '인수': 'double'에서 'int'(으)로 변환하면서 데이터가 손실될 수 있습니다.
c:\users\a09\desktop\lee-do-hun\참고코드\과제\rpg상속완료\project3\gamesystem.cpp(71): warning C4244: '인수': 'double'에서 'int'(으)로 변환하면서 데이터가 손실될 수 있습니다.
c:\users\a09\desktop\lee-do-hun\참고코드\과제\rpg상속완료\project3\gamesystem.cpp(72): warning C4244: '인수': 'double'에서 'int'(으)로 변환하면서 데이터가 손실될 수 있습니다.
c:\users\a09\desktop\lee-do-hun\참고코드\과제\rpg상속완료\project3\gamesystem.cpp(73): warning C4244: '인수': 'double'에서 'int'(으)로 변환하면서 데이터가 손실될 수 있습니다.
c:\users\a09\desktop\lee-do-hun\참고코드\과제\rpg상속완료\project3\gamesystem.cpp(75): warning C4244: '인수': 'double'에서 'int'(으)로 변환하면서 데이터가 손실될 수 있습니다.
c:\users\a09\desktop\lee-do-hun\참고코드\과제\rpg상속완료\project3\gamesystem.cpp(120): warning C4244: '인수': 'double'에서 'int'(으)로 변환하면서 데이터가 손실될 수 있습니다.
c:\users\a09\desktop\lee-do-hun\참고코드\과제\rpg상속완료\project3\gamesystem.cpp(194): warning C4244: '인수': 'double'에서 'int'(으)로 변환하면서 데이터가 손실될 수 있습니다.
c:\users\a09\desktop\lee-do-hun\참고코드\과제\rpg상속완료\project3\gamesystem.cpp(200): warning C4244: '인수': 'double'에서 'int'(으)로 변환하면서 데이터가 손실될 수 있습니다.
c:\users\a09\desktop\lee-do-hun\참고코드\과제\rpg상속완료\project3\gamesystem.cpp(201): warning C4244: '인수': 'double'에서 'int'(으)로 변환하면서 데이터가 손실될 수 있습니다.
c:\users\a09\desktop\lee-do-hun\참고코드\과제\rpg상속완료\project3\gamesystem.cpp(214): warning C4244: '인수': 'double'에서 'int'(으)로 변환하면서 데이터가 손실될 수 있습니다.
c:\users\a09\desktop\lee-do-hun\참고코드\과제\rpg상속완료\project3\gamesystem.cpp(267): warning C4244: '인수': 'double'에서 'int'(으)로 변환하면서 데이터가 손실될 수 있습니다.
c:\users\a09\desktop\lee-do-hun\참고코드\과제\rpg상속완료\project3\gamesystem.cpp(314): warning C4244: '인수': 'double'에서 'int'(으)로 변환하면서 데이터가 손실될 수 있습니다.
c:\users\a09\desktop\lee-do-hun\참고코드\과제\rpg상속완료\project3\gamesystem.cpp(320): warning C4244: '인수': 'double'에서 'int'(으)로 변환하면서 데이터가 손실될 수 있습니다.
c:\users\a09\desktop\lee-do-hun\참고코드\과제\rpg상속완료\project3\gamesystem.cpp(321): warning C4244: '인수': 'double'에서 'int'(으)로 변환하면서 데이터가 손실될 수 있습니다.
c:\users\a09\desktop\lee-do-hun\참고코드\과제\rpg상속완료\project3\gamesystem.cpp(376): warning C4244: '인수': 'double'에서 'int'(으)로 변환하면서 데이터가 손실될 수 있습니다.
c:\users\a09\desktop\lee-do-hun\참고코드\과제\rpg상속완료\project3\gamesystem.cpp(395): warning C4244: '인수': 'double'에서 'int'(으)로 변환하면서 데이터가 손실될 수 있습니다.
c:\users\a09\desktop\lee-do-hun\참고코드\과제\rpg상속완료\project3\gamesystem.cpp(397): warning C4244: '인수': 'double'에서 'int'(으)로 변환하면서 데이터가 손실될 수 있습니다.
c:\users\a09\desktop\lee-do-hun\참고코드\과제\rpg상속완료\project3\gamesystem.cpp(399): warning C4244: '인수': 'double'에서 'int'(으)로 변환하면서 데이터가 손실될 수 있습니다.
c:\users\a09\desktop\lee-do-hun\참고코드\과제\rpg상속완료\project3\gamesystem.cpp(401): warning C4244: '인수': 'double'에서 'int'(으)로 변환하면서 데이터가 손실될 수 있습니다.
c:\users\a09\desktop\lee-do-hun\참고코드\과제\rpg상속완료\project3\gamesystem.cpp(405): warning C4244: '인수': 'double'에서 'int'(으)로 변환하면서 데이터가 손실될 수 있습니다.
c:\users\a09\desktop\lee-do-hun\참고코드\과제\rpg상속완료\project3\gamesystem.cpp(414): warning C4305: '초기화 중': 'double'에서 'float'(으)로 잘립니다.
c:\users\a09\desktop\lee-do-hun\참고코드\과제\rpg상속완료\project3\gamesystem.cpp(422): warning C4244: '인수': 'float'에서 'int'(으)로 변환하면서 데이터가 손실될 수 있습니다.
c:\users\a09\desktop\lee-do-hun\참고코드\과제\rpg상속완료\project3\gamesystem.cpp(422): warning C4244: '인수': 'double'에서 'int'(으)로 변환하면서 데이터가 손실될 수 있습니다.
c:\users\a09\desktop\lee-do-hun\참고코드\과제\rpg상속완료\project3\gamesystem.cpp(424): warning C4305: '+=': 'double'에서 'float'(으)로 잘립니다.
c:\users\a09\desktop\lee-do-hun\참고코드\과제\rpg상속완료\project3\gamesystem.cpp(425): warning C4244: '인수': 'float'에서 'int'(으)로 변환하면서 데이터가 손실될 수 있습니다.
c:\users\a09\desktop\lee-do-hun\참고코드\과제\rpg상속완료\project3\gamesystem.cpp(425): warning C4244: '인수': 'double'에서 'int'(으)로 변환하면서 데이터가 손실될 수 있습니다.
c:\users\a09\desktop\lee-do-hun\참고코드\과제\rpg상속완료\project3\gamesystem.cpp(427): warning C4305: '+=': 'double'에서 'float'(으)로 잘립니다.
c:\users\a09\desktop\lee-do-hun\참고코드\과제\rpg상속완료\project3\gamesystem.cpp(428): warning C4244: '인수': 'float'에서 'int'(으)로 변환하면서 데이터가 손실될 수 있습니다.
c:\users\a09\desktop\lee-do-hun\참고코드\과제\rpg상속완료\project3\gamesystem.cpp(428): warning C4244: '인수': 'double'에서 'int'(으)로 변환하면서 데이터가 손실될 수 있습니다.
c:\users\a09\desktop\lee-do-hun\참고코드\과제\rpg상속완료\project3\gamesystem.cpp(430): warning C4305: '+=': 'double'에서 'float'(으)로 잘립니다.
c:\users\a09\desktop\lee-do-hun\참고코드\과제\rpg상속완료\project3\gamesystem.cpp(431): warning C4244: '인수': 'float'에서 'int'(으)로 변환하면서 데이터가 손실될 수 있습니다.
c:\users\a09\desktop\lee-do-hun\참고코드\과제\rpg상속완료\project3\gamesystem.cpp(431): warning C4244: '인수': 'double'에서 'int'(으)로 변환하면서 데이터가 손실될 수 있습니다.
c:\users\a09\desktop\lee-do-hun\참고코드\과제\rpg상속완료\project3\gamesystem.cpp(433): warning C4305: '+=': 'double'에서 'float'(으)로 잘립니다.
c:\users\a09\desktop\lee-do-hun\참고코드\과제\rpg상속완료\project3\gamesystem.cpp(451): warning C4244: '인수': 'double'에서 'int'(으)로 변환하면서 데이터가 손실될 수 있습니다.
c:\users\a09\desktop\lee-do-hun\참고코드\과제\rpg상속완료\project3\gamesystem.cpp(457): warning C4244: '인수': 'double'에서 'int'(으)로 변환하면서 데이터가 손실될 수 있습니다.
c:\users\a09\desktop\lee-do-hun\참고코드\과제\rpg상속완료\project3\gamesystem.cpp(461): warning C4244: '인수': 'double'에서 'int'(으)로 변환하면서 데이터가 손실될 수 있습니다.
c:\users\a09\desktop\lee-do-hun\참고코드\과제\rpg상속완료\project3\gamesystem.cpp(463): warning C4244: '인수': 'double'에서 'int'(으)로 변환하면서 데이터가 손실될 수 있습니다.
c:\users\a09\desktop\lee-do-hun\참고코드\과제\rpg상속완료\project3\gamesystem.cpp(591): warning C4244: '인수': 'double'에서 'int'(으)로 변환하면서 데이터가 손실될 수 있습니다.
c:\users\a09\desktop\lee-do-hun\참고코드\과제\rpg상속완료\project3\gamesystem.cpp(593): warning C4244: '인수': 'double'에서 'int'(으)로 변환하면서 데이터가 손실될 수 있습니다.
c:\users\a09\desktop\lee-do-hun\참고코드\과제\rpg상속완료\project3\gamesystem.cpp(595): warning C4244: '인수': 'double'에서 'int'(으)로 변환하면서 데이터가 손실될 수 있습니다.
c:\users\a09\desktop\lee-do-hun\참고코드\과제\rpg상속완료\project3\gamesystem.cpp(597): warning C4244: '인수': 'double'에서 'int'(으)로 변환하면서 데이터가 손실될 수 있습니다.
c:\users\a09\desktop\lee-do-hun\참고코드\과제\rpg상속완료\project3\gamesystem.cpp(601): warning C4244: '인수': 'double'에서 'int'(으)로 변환하면서 데이터가 손실될 수 있습니다.
c:\users\a09\desktop\lee-do-hun\참고코드\과제\rpg상속완료\project3\gamesystem.cpp(605): warning C4244: '인수': 'double'에서 'int'(으)로 변환하면서 데이터가 손실될 수 있습니다.
c:\users\a09\desktop\lee-do-hun\참고코드\과제\rpg상속완료\project3\gamesystem.cpp(609): warning C4244: '인수': 'double'에서 'int'(으)로 변환하면서 데이터가 손실될 수 있습니다.
c:\users\a09\desktop\lee-do-hun\참고코드\과제\rpg상속완료\project3\gamesystem.cpp(611): warning C4244: '인수': 'double'에서 'int'(으)로 변환하면서 데이터가 손실될 수 있습니다.
c:\users\a09\desktop\lee-do-hun\참고코드\과제\rpg상속완료\project3\gamesystem.cpp(613): warning C4244: '인수': 'double'에서 'int'(으)로 변환하면서 데이터가 손실될 수 있습니다.
c:\users\a09\desktop\lee-do-hun\참고코드\과제\rpg상속완료\project3\gamesystem.cpp(619): warning C4244: '인수': 'double'에서 'int'(으)로 변환하면서 데이터가 손실될 수 있습니다.
c:\users\a09\desktop\lee-do-hun\참고코드\과제\rpg상속완료\project3\gamesystem.cpp(620): warning C4244: '인수': 'double'에서 'int'(으)로 변환하면서 데이터가 손실될 수 있습니다.
c:\users\a09\desktop\lee-do-hun\참고코드\과제\rpg상속완료\project3\gamesystem.cpp(624): warning C4244: '인수': 'double'에서 'int'(으)로 변환하면서 데이터가 손실될 수 있습니다.
c:\users\a09\desktop\lee-do-hun\참고코드\과제\rpg상속완료\project3\gamesystem.cpp(625): warning C4244: '인수': 'double'에서 'int'(으)로 변환하면서 데이터가 손실될 수 있습니다.
c:\users\a09\desktop\lee-do-hun\참고코드\과제\rpg상속완료\project3\gamesystem.cpp(629): warning C4244: '인수': 'double'에서 'int'(으)로 변환하면서 데이터가 손실될 수 있습니다.
c:\users\a09\desktop\lee-do-hun\참고코드\과제\rpg상속완료\project3\gamesystem.cpp(630): warning C4244: '인수': 'double'에서 'int'(으)로 변환하면서 데이터가 손실될 수 있습니다.
c:\users\a09\desktop\lee-do-hun\참고코드\과제\rpg상속완료\project3\gamesystem.cpp(636): warning C4244: '인수': 'double'에서 'int'(으)로 변환하면서 데이터가 손실될 수 있습니다.
c:\users\a09\desktop\lee-do-hun\참고코드\과제\rpg상속완료\project3\gamesystem.cpp(642): warning C4244: '인수': 'double'에서 'int'(으)로 변환하면서 데이터가 손실될 수 있습니다.
c:\users\a09\desktop\lee-do-hun\참고코드\과제\rpg상속완료\project3\gamesystem.cpp(644): warning C4244: '인수': 'double'에서 'int'(으)로 변환하면서 데이터가 손실될 수 있습니다.
c:\users\a09\desktop\lee-do-hun\참고코드\과제\rpg상속완료\project3\gamesystem.cpp(646): warning C4244: '인수': 'double'에서 'int'(으)로 변환하면서 데이터가 손실될 수 있습니다.
c:\users\a09\desktop\lee-do-hun\참고코드\과제\rpg상속완료\project3\gamesystem.cpp(648): warning C4244: '인수': 'double'에서 'int'(으)로 변환하면서 데이터가 손실될 수 있습니다.
c:\users\a09\desktop\lee-do-hun\참고코드\과제\rpg상속완료\project3\gamesystem.cpp(653): warning C4244: '인수': 'double'에서 'int'(으)로 변환하면서 데이터가 손실될 수 있습니다.
c:\users\a09\desktop\lee-do-hun\참고코드\과제\rpg상속완료\project3\gamesystem.cpp(655): warning C4244: '인수': 'double'에서 'int'(으)로 변환하면서 데이터가 손실될 수 있습니다.
c:\users\a09\desktop\lee-do-hun\참고코드\과제\rpg상속완료\project3\gamesystem.cpp(657): warning C4244: '인수': 'double'에서 'int'(으)로 변환하면서 데이터가 손실될 수 있습니다.
c:\users\a09\desktop\lee-do-hun\참고코드\과제\rpg상속완료\project3\gamesystem.cpp(667): warning C4244: '인수': 'double'에서 'int'(으)로 변환하면서 데이터가 손실될 수 있습니다.
c:\users\a09\desktop\lee-do-hun\참고코드\과제\rpg상속완료\project3\gamesystem.cpp(669): warning C4244: '인수': 'double'에서 'int'(으)로 변환하면서 데이터가 손실될 수 있습니다.
c:\users\a09\desktop\lee-do-hun\참고코드\과제\rpg상속완료\project3\gamesystem.cpp(689): warning C4244: '+=': 'double'에서 'int'(으)로 변환하면서 데이터가 손실될 수 있습니다.
c:\users\a09\desktop\lee-do-hun\참고코드\과제\rpg상속완료\project3\gamesystem.cpp(700): warning C4244: '인수': 'double'에서 'int'(으)로 변환하면서 데이터가 손실될 수 있습니다.
c:\users\a09\desktop\lee-do-hun\참고코드\과제\rpg상속완료\project3\gamesystem.cpp(702): warning C4244: '인수': 'double'에서 'int'(으)로 변환하면서 데이터가 손실될 수 있습니다.
c:\users\a09\desktop\lee-do-hun\참고코드\과제\rpg상속완료\project3\gamesystem.cpp(719): warning C4244: '+=': 'double'에서 'int'(으)로 변환하면서 데이터가 손실될 수 있습니다.
c:\users\a09\desktop\lee-do-hun\참고코드\과제\rpg상속완료\project3\gamesystem.cpp(726): warning C4244: '인수': 'double'에서 'int'(으)로 변환하면서 데이터가 손실될 수 있습니다.
c:\users\a09\desktop\lee-do-hun\참고코드\과제\rpg상속완료\project3\gamesystem.cpp(741): warning C4244: '인수': 'double'에서 'int'(으)로 변환하면서 데이터가 손실될 수 있습니다.
c:\users\a09\desktop\lee-do-hun\참고코드\과제\rpg상속완료\project3\gamesystem.cpp(754): warning C4244: '인수': 'double'에서 'int'(으)로 변환하면서 데이터가 손실될 수 있습니다.
  Project3.vcxproj -> C:\Users\A09\Desktop\LEE-DO-HUN\참고코드\과제\RPG상속완료\x64\Debug\Project3.exe
