  SnakeGame.cpp
c:\users\lg\desktop\snakegame정답코드\mapdraw.h(16): warning C4838: 'int'에서 'SHORT'(으)로의 변환에는 축소 변환이 필요합니다.
c:\users\lg\desktop\snakegame정답코드\snakegame.cpp(56): warning C4244: '인수': 'double'에서 'int'(으)로 변환하면서 데이터가 손실될 수 있습니다.
c:\users\lg\desktop\snakegame정답코드\snakegame.cpp(57): warning C4244: '인수': 'double'에서 'int'(으)로 변환하면서 데이터가 손실될 수 있습니다.
c:\users\lg\desktop\snakegame정답코드\snakegame.cpp(58): warning C4244: '인수': 'double'에서 'int'(으)로 변환하면서 데이터가 손실될 수 있습니다.
c:\users\lg\desktop\snakegame정답코드\snakegame.cpp(59): warning C4244: '인수': 'double'에서 'int'(으)로 변환하면서 데이터가 손실될 수 있습니다.
c:\users\lg\desktop\snakegame정답코드\snakegame.cpp(154): warning C4244: '인수': 'double'에서 'int'(으)로 변환하면서 데이터가 손실될 수 있습니다.
c:\users\lg\desktop\snakegame정답코드\snakegame.cpp(155): warning C4244: '인수': 'double'에서 'int'(으)로 변환하면서 데이터가 손실될 수 있습니다.
c:\users\lg\desktop\snakegame정답코드\snakegame.cpp(159): warning C4996: 'getch': The POSIX name for this item is deprecated. Instead, use the ISO C and C++ conformant name: _getch. See online help for details.
  c:\program files (x86)\windows kits\10\include\10.0.10240.0\ucrt\conio.h(452): note: 'getch' 선언을 참조하십시오.
  Snake.cpp
c:\users\lg\desktop\snakegame정답코드\mapdraw.h(16): warning C4838: 'int'에서 'SHORT'(으)로의 변환에는 축소 변환이 필요합니다.
c:\users\lg\desktop\snakegame정답코드\snake.cpp(83): warning C4996: 'kbhit': The POSIX name for this item is deprecated. Instead, use the ISO C and C++ conformant name: _kbhit. See online help for details.
  c:\program files (x86)\windows kits\10\include\10.0.10240.0\ucrt\conio.h(458): note: 'kbhit' 선언을 참조하십시오.
c:\users\lg\desktop\snakegame정답코드\snake.cpp(85): warning C4996: 'getch': The POSIX name for this item is deprecated. Instead, use the ISO C and C++ conformant name: _getch. See online help for details.
  c:\program files (x86)\windows kits\10\include\10.0.10240.0\ucrt\conio.h(452): note: 'getch' 선언을 참조하십시오.
  Block.cpp
c:\users\lg\desktop\snakegame정답코드\mapdraw.h(16): warning C4838: 'int'에서 'SHORT'(으)로의 변환에는 축소 변환이 필요합니다.
  코드를 생성하고 있습니다...
  건너뛰고 있습니다... (관련된 변경 내용 없음)
  소스.cpp
  SnakeGame.vcxproj -> C:\Users\LG\Desktop\SnakeGame정답코드\Debug\SnakeGame.exe
  SnakeGame.vcxproj -> C:\Users\LG\Desktop\SnakeGame정답코드\Debug\SnakeGame.pdb (Full PDB)
