  Play.cpp
c:\users\a09\desktop\lee-do-hun\참고코드\과제\베네치아 - 만드는중\project6\mapdraw.h(30): warning C4838: 'int'에서 'SHORT'(으)로의 변환에는 축소 변환이 필요합니다.
c:\users\a09\desktop\lee-do-hun\참고코드\과제\베네치아 - 만드는중\project6\play.cpp(33): warning C4244: '인수': 'double'에서 'int'(으)로 변환하면서 데이터가 손실될 수 있습니다.
c:\users\a09\desktop\lee-do-hun\참고코드\과제\베네치아 - 만드는중\project6\play.cpp(37): warning C4244: '인수': 'double'에서 'int'(으)로 변환하면서 데이터가 손실될 수 있습니다.
c:\users\a09\desktop\lee-do-hun\참고코드\과제\베네치아 - 만드는중\project6\play.cpp(58): warning C4244: '인수': 'double'에서 'int'(으)로 변환하면서 데이터가 손실될 수 있습니다.
c:\users\a09\desktop\lee-do-hun\참고코드\과제\베네치아 - 만드는중\project6\play.cpp(59): warning C4244: '인수': 'double'에서 'int'(으)로 변환하면서 데이터가 손실될 수 있습니다.
c:\users\a09\desktop\lee-do-hun\참고코드\과제\베네치아 - 만드는중\project6\play.cpp(60): warning C4244: '인수': 'double'에서 'int'(으)로 변환하면서 데이터가 손실될 수 있습니다.
c:\users\a09\desktop\lee-do-hun\참고코드\과제\베네치아 - 만드는중\project6\play.cpp(62): warning C4244: '인수': 'double'에서 'int'(으)로 변환하면서 데이터가 손실될 수 있습니다.
c:\users\a09\desktop\lee-do-hun\참고코드\과제\베네치아 - 만드는중\project6\play.cpp(78): warning C4244: '인수': 'double'에서 'int'(으)로 변환하면서 데이터가 손실될 수 있습니다.
c:\users\a09\desktop\lee-do-hun\참고코드\과제\베네치아 - 만드는중\project6\play.cpp(133): warning C4244: '인수': 'double'에서 'int'(으)로 변환하면서 데이터가 손실될 수 있습니다.
c:\users\a09\desktop\lee-do-hun\참고코드\과제\베네치아 - 만드는중\project6\play.cpp(134): warning C4244: '인수': 'double'에서 'int'(으)로 변환하면서 데이터가 손실될 수 있습니다.
c:\users\a09\desktop\lee-do-hun\참고코드\과제\베네치아 - 만드는중\project6\play.cpp(137): warning C4244: '인수': 'double'에서 'int'(으)로 변환하면서 데이터가 손실될 수 있습니다.
c:\users\a09\desktop\lee-do-hun\참고코드\과제\베네치아 - 만드는중\project6\play.cpp(138): warning C4244: '인수': 'double'에서 'int'(으)로 변환하면서 데이터가 손실될 수 있습니다.
c:\users\a09\desktop\lee-do-hun\참고코드\과제\베네치아 - 만드는중\project6\play.cpp(141): warning C4244: '인수': 'double'에서 'int'(으)로 변환하면서 데이터가 손실될 수 있습니다.
c:\users\a09\desktop\lee-do-hun\참고코드\과제\베네치아 - 만드는중\project6\play.cpp(157): warning C4244: '인수': 'double'에서 'int'(으)로 변환하면서 데이터가 손실될 수 있습니다.
c:\users\a09\desktop\lee-do-hun\참고코드\과제\베네치아 - 만드는중\project6\play.cpp(158): warning C4244: '인수': 'double'에서 'int'(으)로 변환하면서 데이터가 손실될 수 있습니다.
c:\users\a09\desktop\lee-do-hun\참고코드\과제\베네치아 - 만드는중\project6\play.cpp(173): warning C4244: '인수': 'double'에서 'int'(으)로 변환하면서 데이터가 손실될 수 있습니다.
c:\users\a09\desktop\lee-do-hun\참고코드\과제\베네치아 - 만드는중\project6\play.cpp(178): warning C4244: '인수': 'double'에서 'int'(으)로 변환하면서 데이터가 손실될 수 있습니다.
c:\users\a09\desktop\lee-do-hun\참고코드\과제\베네치아 - 만드는중\project6\play.cpp(195): warning C4244: '인수': 'double'에서 'int'(으)로 변환하면서 데이터가 손실될 수 있습니다.
c:\users\a09\desktop\lee-do-hun\참고코드\과제\베네치아 - 만드는중\project6\play.cpp(196): warning C4244: '인수': 'double'에서 'int'(으)로 변환하면서 데이터가 손실될 수 있습니다.
c:\users\a09\desktop\lee-do-hun\참고코드\과제\베네치아 - 만드는중\project6\play.cpp(208): warning C4244: '인수': 'double'에서 'int'(으)로 변환하면서 데이터가 손실될 수 있습니다.
c:\users\a09\desktop\lee-do-hun\참고코드\과제\베네치아 - 만드는중\project6\play.cpp(221): warning C4244: '인수': 'double'에서 'int'(으)로 변환하면서 데이터가 손실될 수 있습니다.
c:\users\a09\desktop\lee-do-hun\참고코드\과제\베네치아 - 만드는중\project6\play.cpp(226): warning C4244: '인수': 'double'에서 'int'(으)로 변환하면서 데이터가 손실될 수 있습니다.
c:\users\a09\desktop\lee-do-hun\참고코드\과제\베네치아 - 만드는중\project6\play.cpp(247): warning C4244: '인수': 'double'에서 'int'(으)로 변환하면서 데이터가 손실될 수 있습니다.
c:\users\a09\desktop\lee-do-hun\참고코드\과제\베네치아 - 만드는중\project6\play.cpp(248): warning C4244: '인수': 'double'에서 'int'(으)로 변환하면서 데이터가 손실될 수 있습니다.
c:\users\a09\desktop\lee-do-hun\참고코드\과제\베네치아 - 만드는중\project6\play.cpp(286): warning C4244: '인수': 'double'에서 'int'(으)로 변환하면서 데이터가 손실될 수 있습니다.
c:\users\a09\desktop\lee-do-hun\참고코드\과제\베네치아 - 만드는중\project6\play.cpp(288): warning C4244: '인수': 'double'에서 'int'(으)로 변환하면서 데이터가 손실될 수 있습니다.
c:\users\a09\desktop\lee-do-hun\참고코드\과제\베네치아 - 만드는중\project6\play.cpp(319): warning C4267: '=': 'size_t'에서 'int'(으)로 변환하면서 데이터가 손실될 수 있습니다.
c:\users\a09\desktop\lee-do-hun\참고코드\과제\베네치아 - 만드는중\project6\play.cpp(324): warning C4244: '+=': 'double'에서 'int'(으)로 변환하면서 데이터가 손실될 수 있습니다.
c:\users\a09\desktop\lee-do-hun\참고코드\과제\베네치아 - 만드는중\project6\play.cpp(340): warning C4244: '인수': 'double'에서 'int'(으)로 변환하면서 데이터가 손실될 수 있습니다.
  Project6.vcxproj -> C:\Users\A09\Desktop\LEE-DO-HUN\참고코드\과제\베네치아 - 만드는중\x64\Debug\Project6.exe
